<?xml version="1.0" encoding="UTF-8"?>
<!-- Generated by org.testng.reporters.JUnitXMLReporter -->
<testsuite hostname="i7dell" ignored="0" name="Default test" tests="13" failures="0" timestamp="25 Aug 2017 07:52:44 GMT" time="91.383" errors="0">
  <testcase name="InvalidLoginTests" time="2.705" classname="news360SiteTests.SignInWithEmailTest"/>
  <testcase name="InvalidLoginTests" time="3.705" classname="news360SiteTests.SignInWithEmailTest"/>
  <testcase name="InvalidLoginTests" time="3.628" classname="news360SiteTests.SignInWithEmailTest"/>
  <testcase name="InvalidLoginTests" time="3.325" classname="news360SiteTests.SignInWithEmailTest"/>
  <testcase name="SignInWithExistingEmail" time="4.017" classname="news360SiteTests.SignInWithEmailTest"/>
  <testcase name="InvalidSignUpTests" time="2.62" classname="news360SiteTests.SignUpTest"/>
  <testcase name="InvalidSignUpTests" time="3.91" classname="news360SiteTests.SignUpTest"/>
  <testcase name="InvalidSignUpTests" time="3.468" classname="news360SiteTests.SignUpTest"/>
  <testcase name="InvalidSignUpTests" time="3.614" classname="news360SiteTests.SignUpTest"/>
  <testcase name="InvalidSignUpTests" time="3.394" classname="news360SiteTests.SignUpTest"/>
  <testcase name="newSignUp" time="6.392" classname="news360SiteTests.SignUpTest"/>
  <testcase name="signUpWithAccountAlreadyExists" time="2.803" classname="news360SiteTests.SignUpTest"/>
  <testcase name="RecoverPasswordTest" time="16.114" classname="news360SiteTests.PasswordRecoveryTest"/>
</testsuite> <!-- Default test -->
